<?xml version="1.0" encoding="UTF-8"?>
<testng-results ignored="0" total="5" passed="4" failed="1" skipped="0">
  <reporter-output>
  </reporter-output>
  <suite started-at="2024-04-14T13:31:52 IST" name="Suite" finished-at="2024-04-14T13:32:40 IST" duration-ms="47364">
    <groups>
      <group name="Purchase">
        <method signature="submitTest.submitOrder(java.lang.String,java.lang.String,java.lang.String)[pri:0, instance:rahulshettyacademy.tests.submitTest@5d908d47]" name="submitOrder" class="rahulshettyacademy.tests.submitTest"/>
      </group> <!-- Purchase -->
    </groups>
    <test started-at="2024-04-14T13:31:52 IST" name="submit order test" finished-at="2024-04-14T13:32:24 IST" duration-ms="31093">
      <class name="rahulshettyacademy.tests.submitTest">
        <test-method is-config="true" signature="launchApplication()[pri:0, instance:rahulshettyacademy.tests.submitTest@5d908d47]" started-at="2024-04-14T13:31:52 IST" name="launchApplication" finished-at="2024-04-14T13:32:00 IST" duration-ms="7595" status="PASS">
          <reporter-output>
          </reporter-output>
        </test-method> <!-- launchApplication -->
        <test-method signature="submitOrder(java.lang.String,java.lang.String,java.lang.String)[pri:0, instance:rahulshettyacademy.tests.submitTest@5d908d47]" started-at="2024-04-14T13:32:00 IST" name="submitOrder" data-provider="getdata" finished-at="2024-04-14T13:32:05 IST" duration-ms="4898" status="PASS">
          <params>
            <param index="0">
              <value>
                <![CDATA[iamlalit1431@gmail.com]]>
              </value>
            </param>
            <param index="1">
              <value>
                <![CDATA[Lalit@1431]]>
              </value>
            </param>
            <param index="2">
              <value>
                <![CDATA[ZARA COAT 3]]>
              </value>
            </param>
          </params>
          <reporter-output>
          </reporter-output>
        </test-method> <!-- submitOrder -->
        <test-method is-config="true" signature="closeapplication()[pri:0, instance:rahulshettyacademy.tests.submitTest@5d908d47]" started-at="2024-04-14T13:32:05 IST" name="closeapplication" finished-at="2024-04-14T13:32:05 IST" duration-ms="283" status="PASS">
          <reporter-output>
          </reporter-output>
        </test-method> <!-- closeapplication -->
        <test-method is-config="true" signature="launchApplication()[pri:0, instance:rahulshettyacademy.tests.submitTest@5d908d47]" started-at="2024-04-14T13:32:05 IST" name="launchApplication" finished-at="2024-04-14T13:32:13 IST" duration-ms="7520" status="PASS">
          <reporter-output>
          </reporter-output>
        </test-method> <!-- launchApplication -->
        <test-method signature="submitOrder(java.lang.String,java.lang.String,java.lang.String)[pri:0, instance:rahulshettyacademy.tests.submitTest@5d908d47]" started-at="2024-04-14T13:32:13 IST" name="submitOrder" data-provider="getdata" finished-at="2024-04-14T13:32:16 IST" duration-ms="3303" status="PASS">
          <params>
            <param index="0">
              <value>
                <![CDATA[anshika@gmail.com]]>
              </value>
            </param>
            <param index="1">
              <value>
                <![CDATA[Iamking@000]]>
              </value>
            </param>
            <param index="2">
              <value>
                <![CDATA[ADIDAS ORIGINAL]]>
              </value>
            </param>
          </params>
          <reporter-output>
          </reporter-output>
        </test-method> <!-- submitOrder -->
        <test-method is-config="true" signature="closeapplication()[pri:0, instance:rahulshettyacademy.tests.submitTest@5d908d47]" started-at="2024-04-14T13:32:16 IST" name="closeapplication" finished-at="2024-04-14T13:32:16 IST" duration-ms="244" status="PASS">
          <reporter-output>
          </reporter-output>
        </test-method> <!-- closeapplication -->
        <test-method is-config="true" signature="launchApplication()[pri:0, instance:rahulshettyacademy.tests.submitTest@5d908d47]" started-at="2024-04-14T13:32:16 IST" name="launchApplication" finished-at="2024-04-14T13:32:22 IST" duration-ms="6012" status="PASS">
          <reporter-output>
          </reporter-output>
        </test-method> <!-- launchApplication -->
        <test-method signature="orderhistory()[pri:0, instance:rahulshettyacademy.tests.submitTest@5d908d47]" started-at="2024-04-14T13:32:22 IST" name="orderhistory" finished-at="2024-04-14T13:32:23 IST" depends-on-methods="rahulshettyacademy.tests.submitTest.submitOrder" duration-ms="1073" status="PASS">
          <reporter-output>
          </reporter-output>
        </test-method> <!-- orderhistory -->
        <test-method is-config="true" signature="closeapplication()[pri:0, instance:rahulshettyacademy.tests.submitTest@5d908d47]" started-at="2024-04-14T13:32:23 IST" name="closeapplication" finished-at="2024-04-14T13:32:24 IST" duration-ms="89" status="PASS">
          <reporter-output>
          </reporter-output>
        </test-method> <!-- closeapplication -->
      </class> <!-- rahulshettyacademy.tests.submitTest -->
    </test> <!-- submit order test -->
    <test started-at="2024-04-14T13:32:24 IST" name="Error Validation test" finished-at="2024-04-14T13:32:40 IST" duration-ms="15895">
      <class name="rahulshettyacademy.tests.errorValidation">
        <test-method is-config="true" signature="launchApplication()[pri:0, instance:rahulshettyacademy.tests.errorValidation@2e570ded]" started-at="2024-04-14T13:32:24 IST" name="launchApplication" finished-at="2024-04-14T13:32:29 IST" duration-ms="5254" status="PASS">
          <reporter-output>
          </reporter-output>
        </test-method> <!-- launchApplication -->
        <test-method signature="loginerrorvalidaion()[pri:0, instance:rahulshettyacademy.tests.errorValidation@2e570ded]" started-at="2024-04-14T13:32:29 IST" name="loginerrorvalidaion" finished-at="2024-04-14T13:32:30 IST" duration-ms="460" status="FAIL">
          <exception class="java.lang.AssertionError">
            <message>
              <![CDATA[expected [Incorrect email or password.] but found [Incorrect email  password.]]]>
            </message>
            <full-stacktrace>
              <![CDATA[java.lang.AssertionError: expected [Incorrect email or password.] but found [Incorrect email  password.]
at org.testng.Assert.fail(Assert.java:110)
at org.testng.Assert.failNotEquals(Assert.java:1577)
at org.testng.Assert.assertEqualsImpl(Assert.java:149)
at org.testng.Assert.assertEquals(Assert.java:131)
at org.testng.Assert.assertEquals(Assert.java:655)
at org.testng.Assert.assertEquals(Assert.java:665)
at rahulshettyacademy.tests.errorValidation.loginerrorvalidaion(errorValidation.java:20)
at java.base/jdk.internal.reflect.NativeMethodAccessorImpl.invoke0(Native Method)
at java.base/jdk.internal.reflect.NativeMethodAccessorImpl.invoke(NativeMethodAccessorImpl.java:77)
at java.base/jdk.internal.reflect.DelegatingMethodAccessorImpl.invoke(DelegatingMethodAccessorImpl.java:43)
at java.base/java.lang.reflect.Method.invoke(Method.java:568)
at org.testng.internal.invokers.MethodInvocationHelper.invokeMethod(MethodInvocationHelper.java:139)
at org.testng.internal.invokers.TestInvoker.invokeMethod(TestInvoker.java:677)
at org.testng.internal.invokers.TestInvoker.invokeTestMethod(TestInvoker.java:221)
at org.testng.internal.invokers.MethodRunner.runInSequence(MethodRunner.java:50)
at org.testng.internal.invokers.TestInvoker$MethodInvocationAgent.invoke(TestInvoker.java:969)
at org.testng.internal.invokers.TestInvoker.invokeTestMethods(TestInvoker.java:194)
at org.testng.internal.invokers.TestMethodWorker.invokeTestMethods(TestMethodWorker.java:148)
at org.testng.internal.invokers.TestMethodWorker.run(TestMethodWorker.java:128)
at java.base/java.util.ArrayList.forEach(ArrayList.java:1511)
at org.testng.TestRunner.privateRun(TestRunner.java:829)
at org.testng.TestRunner.run(TestRunner.java:602)
at org.testng.SuiteRunner.runTest(SuiteRunner.java:437)
at org.testng.SuiteRunner.runSequentially(SuiteRunner.java:431)
at org.testng.SuiteRunner.privateRun(SuiteRunner.java:391)
at org.testng.SuiteRunner.run(SuiteRunner.java:330)
at org.testng.SuiteRunnerWorker.runSuite(SuiteRunnerWorker.java:52)
at org.testng.SuiteRunnerWorker.run(SuiteRunnerWorker.java:95)
at org.testng.TestNG.runSuitesSequentially(TestNG.java:1256)
at org.testng.TestNG.runSuitesLocally(TestNG.java:1176)
at org.testng.TestNG.runSuites(TestNG.java:1099)
at org.testng.TestNG.run(TestNG.java:1067)
at org.testng.remote.AbstractRemoteTestNG.run(AbstractRemoteTestNG.java:115)
at org.testng.remote.RemoteTestNG.initAndRun(RemoteTestNG.java:251)
at org.testng.remote.RemoteTestNG.main(RemoteTestNG.java:77)
]]>
            </full-stacktrace>
          </exception> <!-- java.lang.AssertionError -->
          <reporter-output>
          </reporter-output>
        </test-method> <!-- loginerrorvalidaion -->
        <test-method is-config="true" signature="closeapplication()[pri:0, instance:rahulshettyacademy.tests.errorValidation@2e570ded]" started-at="2024-04-14T13:32:30 IST" name="closeapplication" finished-at="2024-04-14T13:32:30 IST" duration-ms="337" status="PASS">
          <reporter-output>
          </reporter-output>
        </test-method> <!-- closeapplication -->
        <test-method is-config="true" signature="launchApplication()[pri:0, instance:rahulshettyacademy.tests.errorValidation@2e570ded]" started-at="2024-04-14T13:32:30 IST" name="launchApplication" finished-at="2024-04-14T13:32:37 IST" duration-ms="6101" status="PASS">
          <reporter-output>
          </reporter-output>
        </test-method> <!-- launchApplication -->
        <test-method signature="productnamevalidation()[pri:0, instance:rahulshettyacademy.tests.errorValidation@2e570ded]" started-at="2024-04-14T13:32:37 IST" name="productnamevalidation" finished-at="2024-04-14T13:32:40 IST" duration-ms="3183" status="PASS">
          <reporter-output>
          </reporter-output>
        </test-method> <!-- productnamevalidation -->
        <test-method is-config="true" signature="closeapplication()[pri:0, instance:rahulshettyacademy.tests.errorValidation@2e570ded]" started-at="2024-04-14T13:32:40 IST" name="closeapplication" finished-at="2024-04-14T13:32:40 IST" duration-ms="83" status="PASS">
          <reporter-output>
          </reporter-output>
        </test-method> <!-- closeapplication -->
      </class> <!-- rahulshettyacademy.tests.errorValidation -->
    </test> <!-- Error Validation test -->
  </suite> <!-- Suite -->
</testng-results>
